# JRE version: OpenJDK Runtime Environment (8.0_202-b03) (build 1.8.0_202-release-1483-b03)
# Java VM: OpenJDK 64-Bit Server VM (25.202-b03 mixed mode windows-amd64 compressed oops)
Heap:
 PSYoungGen      total 110592K, used 47876K [0x00000000e0000000, 0x00000000e9300000, 0x0000000100000000)
  eden space 82944K, 44% used [0x00000000e0000000,0x00000000e24154b8,0x00000000e5100000)
  from space 27648K, 39% used [0x00000000e5100000,0x00000000e5babbf0,0x00000000e6c00000)
  to   space 27136K, 0% used [0x00000000e7880000,0x00000000e7880000,0x00000000e9300000)
 ParOldGen       total 105984K, used 49463K [0x00000000a0000000, 0x00000000a6780000, 0x00000000e0000000)
  object space 105984K, 46% used [0x00000000a0000000,0x00000000a304dcc0,0x00000000a6780000)
 Metaspace       used 93695K, capacity 99540K, committed 101336K, reserved 1136640K
  class space    used 11998K, capacity 12996K, committed 13568K, reserved 1048576K
GC Heap History (10 events):
Event: 4732.238 GC heap before
{Heap before GC invocations=35 (full 3):
 PSYoungGen      total 108032K, used 108002K [0x00000000e0000000, 0x00000000e8280000, 0x0000000100000000)
  eden space 87552K, 100% used [0x00000000e0000000,0x00000000e5580000,0x00000000e5580000)
  from space 20480K, 99% used [0x00000000e5780000,0x00000000e6b78ae0,0x00000000e6b80000)
  to   space 23040K, 0% used [0x00000000e6c00000,0x00000000e6c00000,0x00000000e8280000)
 ParOldGen       total 105984K, used 50934K [0x00000000a0000000, 0x00000000a6780000, 0x00000000e0000000)
  object space 105984K, 48% used [0x00000000a0000000,0x00000000a31bdab0,0x00000000a6780000)
 Metaspace       used 85879K, capacity 93692K, committed 93784K, reserved 1130496K
  class space    used 11224K, capacity 12367K, committed 12416K, reserved 1048576K
Event: 4732.384 GC heap after
Heap after GC invocations=35 (full 3):
 PSYoungGen      total 108544K, used 21026K [0x00000000e0000000, 0x00000000e8480000, 0x0000000100000000)
  eden space 85504K, 0% used [0x00000000e0000000,0x00000000e0000000,0x00000000e5380000)
  from space 23040K, 91% used [0x00000000e6c00000,0x00000000e8088988,0x00000000e8280000)
  to   space 25088K, 0% used [0x00000000e5380000,0x00000000e5380000,0x00000000e6c00000)
 ParOldGen       total 105984K, used 53073K [0x00000000a0000000, 0x00000000a6780000, 0x00000000e0000000)
  object space 105984K, 50% used [0x00000000a0000000,0x00000000a33d4580,0x00000000a6780000)
 Metaspace       used 85879K, capacity 93692K, committed 93784K, reserved 1130496K
  class space    used 11224K, capacity 12367K, committed 12416K, reserved 1048576K
}
Event: 4743.140 GC heap before
{Heap before GC invocations=36 (full 3):
 PSYoungGen      total 108544K, used 106530K [0x00000000e0000000, 0x00000000e8480000, 0x0000000100000000)
  eden space 85504K, 100% used [0x00000000e0000000,0x00000000e5380000,0x00000000e5380000)
  from space 23040K, 91% used [0x00000000e6c00000,0x00000000e8088988,0x00000000e8280000)
  to   space 25088K, 0% used [0x00000000e5380000,0x00000000e5380000,0x00000000e6c00000)
 ParOldGen       total 105984K, used 53073K [0x00000000a0000000, 0x00000000a6780000, 0x00000000e0000000)
  object space 105984K, 50% used [0x00000000a0000000,0x00000000a33d4580,0x00000000a6780000)
 Metaspace       used 88975K, capacity 96808K, committed 96856K, reserved 1134592K
  class space    used 11542K, capacity 12671K, committed 12672K, reserved 1048576K
Event: 4743.224 GC heap after
Heap after GC invocations=36 (full 3):
 PSYoungGen      total 108544K, used 21110K [0x00000000e0000000, 0x00000000e8680000, 0x0000000100000000)
  eden space 83456K, 0% used [0x00000000e0000000,0x00000000e0000000,0x00000000e5180000)
  from space 25088K, 84% used [0x00000000e5380000,0x00000000e681d8f0,0x00000000e6c00000)
  to   space 27136K, 0% used [0x00000000e6c00000,0x00000000e6c00000,0x00000000e8680000)
 ParOldGen       total 105984K, used 53081K [0x00000000a0000000, 0x00000000a6780000, 0x00000000e0000000)
  object space 105984K, 50% used [0x00000000a0000000,0x00000000a33d6580,0x00000000a6780000)
 Metaspace       used 88975K, capacity 96808K, committed 96856K, reserved 1134592K
  class space    used 11542K, capacity 12671K, committed 12672K, reserved 1048576K
}
Event: 4743.668 GC heap before
{Heap before GC invocations=37 (full 3):
 PSYoungGen      total 108544K, used 30743K [0x00000000e0000000, 0x00000000e8680000, 0x0000000100000000)
  eden space 83456K, 11% used [0x00000000e0000000,0x00000000e0968410,0x00000000e5180000)
  from space 25088K, 84% used [0x00000000e5380000,0x00000000e681d8f0,0x00000000e6c00000)
  to   space 27136K, 0% used [0x00000000e6c00000,0x00000000e6c00000,0x00000000e8680000)
 ParOldGen       total 105984K, used 53081K [0x00000000a0000000, 0x00000000a6780000, 0x00000000e0000000)
  object space 105984K, 50% used [0x00000000a0000000,0x00000000a33d6580,0x00000000a6780000)
 Metaspace       used 90531K, capacity 98436K, committed 98496K, reserved 1134592K
  class space    used 11766K, capacity 12928K, committed 12928K, reserved 1048576K
Event: 4743.699 GC heap after
Heap after GC invocations=37 (full 3):
 PSYoungGen      total 110080K, used 19469K [0x00000000e0000000, 0x00000000e9480000, 0x0000000100000000)
  eden space 82944K, 0% used [0x00000000e0000000,0x00000000e0000000,0x00000000e5100000)
  from space 27136K, 71% used [0x00000000e6c00000,0x00000000e7f03408,0x00000000e8680000)
  to   space 27648K, 0% used [0x00000000e5100000,0x00000000e5100000,0x00000000e6c00000)
 ParOldGen       total 105984K, used 53089K [0x00000000a0000000, 0x00000000a6780000, 0x00000000e0000000)
  object space 105984K, 50% used [0x00000000a0000000,0x00000000a33d8580,0x00000000a6780000)
 Metaspace       used 90531K, capacity 98436K, committed 98496K, reserved 1134592K
  class space    used 11766K, capacity 12928K, committed 12928K, reserved 1048576K
}
Event: 4743.700 GC heap before
{Heap before GC invocations=38 (full 4):
 PSYoungGen      total 110080K, used 19469K [0x00000000e0000000, 0x00000000e9480000, 0x0000000100000000)
  eden space 82944K, 0% used [0x00000000e0000000,0x00000000e0000000,0x00000000e5100000)
  from space 27136K, 71% used [0x00000000e6c00000,0x00000000e7f03408,0x00000000e8680000)
  to   space 27648K, 0% used [0x00000000e5100000,0x00000000e5100000,0x00000000e6c00000)
 ParOldGen       total 105984K, used 53089K [0x00000000a0000000, 0x00000000a6780000, 0x00000000e0000000)
  object space 105984K, 50% used [0x00000000a0000000,0x00000000a33d8580,0x00000000a6780000)
 Metaspace       used 90531K, capacity 98436K, committed 98496K, reserved 1134592K
  class space    used 11766K, capacity 12928K, committed 12928K, reserved 1048576K
Event: 4750.434 GC heap after
Heap after GC invocations=38 (full 4):
 PSYoungGen      total 110080K, used 0K [0x00000000e0000000, 0x00000000e9480000, 0x0000000100000000)
  eden space 82944K, 0% used [0x00000000e0000000,0x00000000e0000000,0x00000000e5100000)
  from space 27136K, 0% used [0x00000000e6c00000,0x00000000e6c00000,0x00000000e8680000)
  to   space 27648K, 0% used [0x00000000e5100000,0x00000000e5100000,0x00000000e6c00000)
 ParOldGen       total 105984K, used 49455K [0x00000000a0000000, 0x00000000a6780000, 0x00000000e0000000)
  object space 105984K, 46% used [0x00000000a0000000,0x00000000a304bcc0,0x00000000a6780000)
 Metaspace       used 88386K, capacity 93614K, committed 98496K, reserved 1134592K
  class space    used 11252K, capacity 12163K, committed 12928K, reserved 1048576K
}
Event: 4756.923 GC heap before
{Heap before GC invocations=39 (full 4):
 PSYoungGen      total 110080K, used 82944K [0x00000000e0000000, 0x00000000e9480000, 0x0000000100000000)
  eden space 82944K, 100% used [0x00000000e0000000,0x00000000e5100000,0x00000000e5100000)
  from space 27136K, 0% used [0x00000000e6c00000,0x00000000e6c00000,0x00000000e8680000)
  to   space 27648K, 0% used [0x00000000e5100000,0x00000000e5100000,0x00000000e6c00000)
 ParOldGen       total 105984K, used 49455K [0x00000000a0000000, 0x00000000a6780000, 0x00000000e0000000)
  object space 105984K, 46% used [0x00000000a0000000,0x00000000a304bcc0,0x00000000a6780000)
 Metaspace       used 93027K, capacity 98740K, committed 100696K, reserved 1136640K
  class space    used 11894K, capacity 12878K, committed 13440K, reserved 1048576K
Event: 4756.937 GC heap after
Heap after GC invocations=39 (full 4):
 PSYoungGen      total 110592K, used 10926K [0x00000000e0000000, 0x00000000e9300000, 0x0000000100000000)
  eden space 82944K, 0% used [0x00000000e0000000,0x00000000e0000000,0x00000000e5100000)
  from space 27648K, 39% used [0x00000000e5100000,0x00000000e5babbf0,0x00000000e6c00000)
  to   space 27136K, 0% used [0x00000000e7880000,0x00000000e7880000,0x00000000e9300000)
 ParOldGen       total 105984K, used 49463K [0x00000000a0000000, 0x00000000a6780000, 0x00000000e0000000)
  object space 105984K, 46% used [0x00000000a0000000,0x00000000a304dcc0,0x00000000a6780000)
 Metaspace       used 93027K, capacity 98740K, committed 100696K, reserved 1136640K
  class space    used 11894K, capacity 12878K, committed 13440K, reserved 1048576K
}

